2014-07-19 13:01:07.945 Global Trader 3.0[25032:70b] Multi-tasking -> Device: YES, App: YES
2014-07-19 13:01:07.953 Global Trader 3.0[25032:70b] Unlimited access to network resources
2014-07-19 13:01:07.955 Global Trader 3.0[25032:70b] 

Started backup to iCloud! Please be careful.
Your application might rejected by Apple if you store too much data.
For more information please read "iOS Data Storage Guidelines"
You could find it at the following address https://developer.apple.com/icloud/documentation/data-storage/ .

2014-07-19 13:01:08.340 Global Trader 3.0[25032:70b] Resetting plugins due to page load.
2014-07-19 13:01:08.381 Global Trader 3.0[25032:70b] Finished load of: file:///Users/paulhoover/Library/Application%20Support/iPhone%20Simulator/7.1/Applications/41422F42-636F-47C1-887E-E9A523002FC9/Global%20Trader%203.0.app/www/index.html
2014-07-19 14:59:47.667 Global Trader 3.0[27781:70b] Multi-tasking -> Device: YES, App: YES
2014-07-19 14:59:47.677 Global Trader 3.0[27781:70b] Unlimited access to network resources
2014-07-19 14:59:47.692 Global Trader 3.0[27781:70b] 

Started backup to iCloud! Please be careful.
Your application might rejected by Apple if you store too much data.
For more information please read "iOS Data Storage Guidelines"
You could find it at the following address https://developer.apple.com/icloud/documentation/data-storage/ .

2014-07-19 14:59:47.886 Global Trader 3.0[27781:70b] Resetting plugins due to page load.
2014-07-19 14:59:48.002 Global Trader 3.0[27781:70b] Finished load of: file:///Users/paulhoover/Library/Application%20Support/iPhone%20Simulator/7.1/Applications/41422F42-636F-47C1-887E-E9A523002FC9/Global%20Trader%203.0.app/www/index.html
>>>> frameSizeChanged = 4096
>>>> frameSizeChanged = 4096
Terminating in response to SpringBoard's termination.
2014-07-19 15:02:51.415 Global Trader 3.0[28169:70b] Multi-tasking -> Device: YES, App: YES
2014-07-19 15:02:51.426 Global Trader 3.0[28169:70b] Unlimited access to network resources
2014-07-19 15:02:51.430 Global Trader 3.0[28169:70b] 

Started backup to iCloud! Please be careful.
Your application might rejected by Apple if you store too much data.
For more information please read "iOS Data Storage Guidelines"
You could find it at the following address https://developer.apple.com/icloud/documentation/data-storage/ .

2014-07-19 15:02:51.560 Global Trader 3.0[28169:70b] Resetting plugins due to page load.
>>>> frameSizeChanged = 4096
>>>> frameSizeChanged = 4096
2014-07-19 15:02:51.773 Global Trader 3.0[28169:70b] Finished load of: file:///Users/paulhoover/Library/Application%20Support/iPhone%20Simulator/7.1/Applications/41422F42-636F-47C1-887E-E9A523002FC9/Global%20Trader%203.0.app/www/index.html
2014-07-24 13:01:32.125 Global Trader 3.0[4933:70b] Multi-tasking -> Device: YES, App: YES
2014-07-24 13:01:32.131 Global Trader 3.0[4933:70b] Unlimited access to network resources
2014-07-24 13:01:32.133 Global Trader 3.0[4933:70b] 

Started backup to iCloud! Please be careful.
Your application might rejected by Apple if you store too much data.
For more information please read "iOS Data Storage Guidelines"
You could find it at the following address https://developer.apple.com/icloud/documentation/data-storage/ .

2014-07-24 13:01:32.239 Global Trader 3.0[4933:70b] Resetting plugins due to page load.
>>>> frameSizeChanged = 4096
>>>> frameSizeChanged = 4096
2014-07-24 13:01:33.252 Global Trader 3.0[4933:70b] Finished load of: file:///Users/paulhoover/Library/Application%20Support/iPhone%20Simulator/7.1/Applications/41422F42-636F-47C1-887E-E9A523002FC9/Global%20Trader%203.0.app/www/index.html
2014-07-24 13:01:36.705 Global Trader 3.0[4933:70b] Resetting plugins due to page load.
2014-07-24 13:01:39.020 Global Trader 3.0[4933:70b] Finished load of: https://m.facebook.com/cnhitrade?refsrc=https%3A%2F%2Fwww.facebook.com%2Fcnhitrade&_rdr
2014-07-24 13:07:05.282 Global Trader 3.0[5651:70b] Multi-tasking -> Device: YES, App: YES
2014-07-24 13:07:05.287 Global Trader 3.0[5651:70b] Unlimited access to network resources
2014-07-24 13:07:05.290 Global Trader 3.0[5651:70b] 

Started backup to iCloud! Please be careful.
Your application might rejected by Apple if you store too much data.
For more information please read "iOS Data Storage Guidelines"
You could find it at the following address https://developer.apple.com/icloud/documentation/data-storage/ .

2014-07-24 13:07:05.330 Global Trader 3.0[5651:70b] Resetting plugins due to page load.
>>>> frameSizeChanged = 4096
>>>> frameSizeChanged = 4096
2014-07-24 13:07:05.484 Global Trader 3.0[5651:70b] Finished load of: file:///Users/paulhoover/Library/Application%20Support/iPhone%20Simulator/7.1/Applications/41422F42-636F-47C1-887E-E9A523002FC9/Global%20Trader%203.0.app/www/index.html
Terminating in response to SpringBoard's termination.
